[07avr.2026 20:18:14.939] [main/INFO] [cpw.mods.modlauncher.Launcher/MODLAUNCHER]: ModLauncher running: args [--launchTarget, forgeclientdev, --version, 21.1.200, --assetIndex, 17, --assetsDir, C:\\Users\\Goomb\\.gradle\\caches\\neoformruntime\\assets, --gameDir, ., --fml.fmlVersion, 4.0.41, --fml.mcVersion, 1.21.1, --fml.neoForgeVersion, 21.1.200, --fml.neoFormVersion, 20240808.144430]
[07avr.2026 20:18:14.941] [main/INFO] [cpw.mods.modlauncher.Launcher/MODLAUNCHER]: JVM identified as Amazon.com Inc. OpenJDK 64-Bit Server VM 21.0.6+7-LTS
[07avr.2026 20:18:14.942] [main/INFO] [cpw.mods.modlauncher.Launcher/MODLAUNCHER]: ModLauncher 11.0.5+main.901c6ea8 starting: java version 21.0.6 by Amazon.com Inc.; OS Windows 11 arch amd64 version 10.0
[07avr.2026 20:18:15.031] [main/INFO] [net.neoforged.fml.loading.ImmediateWindowHandler/]: Loading ImmediateWindowProvider fmlearlywindow
[07avr.2026 20:18:15.126] [main/INFO] [EARLYDISPLAY/]: Trying GL version 4.6
[07avr.2026 20:18:15.292] [main/INFO] [EARLYDISPLAY/]: Requested GL version 4.6 got version 4.6
[07avr.2026 20:18:15.397] [main/INFO] [mixin/]: SpongePowered MIXIN Subsystem Version=0.8.7 Source=union:/C:/Users/Goomb/.gradle/caches/modules-2/files-2.1/net.fabricmc/sponge-mixin/0.15.2+mixin.0.8.7/2af2f021d8e02a0220dc27a7a72b4666d66d44ca/sponge-mixin-0.15.2+mixin.0.8.7.jar%23138!/ Service=ModLauncher Env=CLIENT
[07avr.2026 20:18:15.601] [pool-2-thread-1/INFO] [EARLYDISPLAY/]: GL info: NVIDIA GeForce GTX 970/PCIe/SSE2 GL version 4.6.0 NVIDIA 571.96, NVIDIA Corporation
[07avr.2026 20:18:15.858] [main/WARN] [net.neoforged.jarjar.selection.JarSelector/]: Attempted to select a dependency jar for JarJar which was passed in as source: library:Registrate.MC1._21._67. Using Mod File: C:\Users\Goomb\.gradle\caches\modules-2\files-2.1\com.tterrag.registrate\Registrate\MC1.21-1.3.0+67\66ddc4cd56472fea1ea1a24182901e6c92a51c0a\Registrate-MC1.21-1.3.0+67.jar
[07avr.2026 20:18:15.858] [main/WARN] [net.neoforged.jarjar.selection.JarSelector/]: Attempted to select a dependency jar for JarJar which was passed in as source: flywheel. Using Mod File: C:\Users\Goomb\.gradle\caches\modules-2\files-2.1\dev.engine-room.flywheel\flywheel-neoforge-1.21.1\1.0.5\73f37605595047898613031cc835344b4139b443\flywheel-neoforge-1.21.1-1.0.5.jar
[07avr.2026 20:18:15.859] [main/WARN] [net.neoforged.jarjar.selection.JarSelector/]: Attempted to select a dependency jar for JarJar which was passed in as source: ponder. Using Mod File: C:\Users\Goomb\.gradle\caches\modules-2\files-2.1\net.createmod.ponder\Ponder-NeoForge-1.21.1\1.0.64\115affcebbb877f4c878ab9e2867973a32895838\Ponder-NeoForge-1.21.1-1.0.64.jar
[07avr.2026 20:18:15.859] [main/INFO] [net.neoforged.fml.loading.moddiscovery.locators.JarInJarDependencyLocator/]: Found 2 dependencies adding them to mods collection
[07avr.2026 20:18:15.860] [main/INFO] [net.neoforged.fml.loading.moddiscovery.ModDiscoverer/]: 
     Mod List:
		Name Version (Mod Id)

		Create 6.0.8 (create)
		Create: Processing 0.1.0 (create_processing)
		Flywheel 1.0.5 (flywheel)
		Minecraft 1.21.1 (minecraft)
		NeoForge 21.1.200 (neoforge)
		Ponder 1.0.64 (ponder)
[07avr.2026 20:18:16.753] [main/INFO] [mixin/]: Compatibility level set to JAVA_21
[07avr.2026 20:18:16.768] [main/INFO] [cpw.mods.modlauncher.LaunchServiceHandler/MODLAUNCHER]: Launching target 'forgeclientdev' with arguments [--version, 21.1.200, --gameDir, ., --assetsDir, C:\Users\Goomb\.gradle\caches\neoformruntime\assets, --assetIndex, 17]
[07avr.2026 20:18:17.175] [main/WARN] [mixin/]: Error loading class: xaero/map/gui/GuiMap (java.lang.ClassNotFoundException: xaero.map.gui.GuiMap)
[07avr.2026 20:18:17.175] [main/WARN] [mixin/]: @Mixin target xaero.map.gui.GuiMap was not found create.mixins.json:compat.xaeros.XaeroFullscreenMapAccessor from mod create
[07avr.2026 20:18:17.177] [main/WARN] [mixin/]: Error loading class: xaero/map/gui/GuiMap (java.lang.ClassNotFoundException: xaero.map.gui.GuiMap)
[07avr.2026 20:18:17.177] [main/WARN] [mixin/]: @Mixin target xaero.map.gui.GuiMap was not found create.mixins.json:compat.xaeros.XaeroFullscreenMapMixin from mod create
[07avr.2026 20:18:17.192] [main/WARN] [mixin/]: Error loading class: org/jetbrains/annotations/ApiStatus$ScheduledForRemoval (java.lang.ClassNotFoundException: org.jetbrains.annotations.ApiStatus$ScheduledForRemoval)
[07avr.2026 20:18:17.220] [main/INFO] [MixinExtras|Service/]: Initializing MixinExtras via com.llamalad7.mixinextras.service.MixinExtrasServiceImpl(version=0.5.0).
[07avr.2026 20:18:18.487] [Datafixer Bootstrap/INFO] [com.mojang.datafixers.DataFixerBuilder/]: 229 Datafixer optimizations took 330 milliseconds
[07avr.2026 20:18:22.696] [main/WARN] [net.minecraft.commands.Commands/]: Ambiguity between arguments [teleport, location] and [teleport, destination] with inputs: [0.1 -0.5 .9, 0 0 0]
[07avr.2026 20:18:22.697] [main/WARN] [net.minecraft.commands.Commands/]: Ambiguity between arguments [teleport, location] and [teleport, targets] with inputs: [0.1 -0.5 .9, 0 0 0]
[07avr.2026 20:18:22.699] [main/WARN] [net.minecraft.commands.Commands/]: Ambiguity between arguments [teleport, destination] and [teleport, targets] with inputs: [Player, 0123, @e, dd12be42-52a9-4a91-a8a1-11c01849e498]
[07avr.2026 20:18:22.700] [main/WARN] [net.minecraft.commands.Commands/]: Ambiguity between arguments [teleport, targets] and [teleport, destination] with inputs: [Player, 0123, dd12be42-52a9-4a91-a8a1-11c01849e498]
[07avr.2026 20:18:22.701] [main/WARN] [net.minecraft.commands.Commands/]: Ambiguity between arguments [teleport, targets, location] and [teleport, targets, destination] with inputs: [0.1 -0.5 .9, 0 0 0]
[07avr.2026 20:18:22.801] [Render thread/WARN] [net.minecraft.server.packs.VanillaPackResourcesBuilder/]: Assets URL 'union:/C:/Users/Goomb/Desktop/sunshine_mod/create_processing/build/moddev/artifacts/neoforge-21.1.200.jar%23189!/assets/.mcassetsroot' uses unexpected schema
[07avr.2026 20:18:22.801] [Render thread/WARN] [net.minecraft.server.packs.VanillaPackResourcesBuilder/]: Assets URL 'union:/C:/Users/Goomb/Desktop/sunshine_mod/create_processing/build/moddev/artifacts/neoforge-21.1.200.jar%23189!/data/.mcassetsroot' uses unexpected schema
[07avr.2026 20:18:22.823] [Render thread/INFO] [com.mojang.authlib.yggdrasil.YggdrasilAuthenticationService/]: Environment: Environment[sessionHost=https://sessionserver.mojang.com, servicesHost=https://api.minecraftservices.com, name=PROD]
[07avr.2026 20:18:22.832] [Render thread/INFO] [net.minecraft.client.Minecraft/]: Setting user: Dev
[07avr.2026 20:18:22.912] [Render thread/INFO] [net.minecraft.client.Minecraft/]: Backend library: LWJGL version 3.3.3+5
[07avr.2026 20:18:23.101] [modloading-worker-0/INFO] [net.neoforged.neoforge.common.NeoForgeMod/NEOFORGE-MOD]: NeoForge mod loading, version 21.1.200, for MC 1.21.1
[07avr.2026 20:18:23.157] [modloading-worker-0/INFO] [com.simibubi.create.Create/]: Create 6.0.8 initializing! Commit hash: 5f1b407a97467157e7a0da0c560c7d1d5f378929
[07avr.2026 20:18:25.517] [Render thread/INFO] [net.neoforged.neoforge.gametest.GameTestHooks/]: Enabled Gametest Namespaces: [create_processing]
[07avr.2026 20:18:25.715] [Render thread/INFO] [net.minecraft.server.packs.resources.ReloadableResourceManager/]: Reloading ResourceManager: vanilla, mod_resources, mod/flywheel, mod/ponder, mod/create, mod/neoforge, mod/create_processing
[07avr.2026 20:18:25.741] [Worker-Main-1/INFO] [dev.chocoboy.create_processing.CreateProcessing/]: Initializing Create: Processing
[07avr.2026 20:18:25.795] [Worker-Main-7/INFO] [net.minecraft.client.gui.font.providers.UnihexProvider/]: Found unifont_all_no_pua-15.1.05.hex, loading
[07avr.2026 20:18:25.950] [Worker-Main-1/INFO] [net.minecraft.client.gui.font.providers.UnihexProvider/]: Found unifont_jp_patch-15.1.05.hex, loading
[07avr.2026 20:18:26.083] [Worker-Main-8/INFO] [dev.chocoboy.create_processing.CreateProcessing/]: Client setup for Create: Processing
[07avr.2026 20:18:27.608] [Worker-Main-6/INFO] [PonderIndex/]: Registering Ponder Scenes took 53.41 ms
[07avr.2026 20:18:27.612] [Worker-Main-6/INFO] [PonderIndex/]: Registering Ponder Tags took 4.188 ms
[07avr.2026 20:18:27.704] [Render thread/WARN] [net.minecraft.client.sounds.SoundEngine/]: Missing sound for event: minecraft:item.goat_horn.play
[07avr.2026 20:18:27.704] [Render thread/WARN] [net.minecraft.client.sounds.SoundEngine/]: Missing sound for event: minecraft:entity.goat.screaming.horn_break
[07avr.2026 20:18:27.756] [Render thread/INFO] [com.mojang.blaze3d.audio.Library/]: OpenAL initialized on device OpenAL Soft on Haut-parleurs (Realtek(R) Audio)
[07avr.2026 20:18:27.756] [Render thread/INFO] [net.minecraft.client.sounds.SoundEngine/SOUNDS]: Sound engine started
[07avr.2026 20:18:27.821] [Render thread/INFO] [net.minecraft.client.renderer.texture.TextureAtlas/]: Created: 2048x1024x4 minecraft:textures/atlas/blocks.png-atlas
[07avr.2026 20:18:27.831] [Render thread/INFO] [net.minecraft.client.renderer.texture.TextureAtlas/]: Created: 256x256x4 minecraft:textures/atlas/signs.png-atlas
[07avr.2026 20:18:27.832] [Render thread/INFO] [net.minecraft.client.renderer.texture.TextureAtlas/]: Created: 512x512x4 minecraft:textures/atlas/shield_patterns.png-atlas
[07avr.2026 20:18:27.832] [Render thread/INFO] [net.minecraft.client.renderer.texture.TextureAtlas/]: Created: 512x512x4 minecraft:textures/atlas/banner_patterns.png-atlas
[07avr.2026 20:18:27.832] [Render thread/INFO] [net.minecraft.client.renderer.texture.TextureAtlas/]: Created: 2048x1024x4 minecraft:textures/atlas/armor_trims.png-atlas
[07avr.2026 20:18:27.839] [Render thread/INFO] [net.minecraft.client.renderer.texture.TextureAtlas/]: Created: 128x64x4 minecraft:textures/atlas/decorated_pot.png-atlas
[07avr.2026 20:18:27.839] [Render thread/INFO] [net.minecraft.client.renderer.texture.TextureAtlas/]: Created: 256x256x4 minecraft:textures/atlas/chest.png-atlas
[07avr.2026 20:18:27.839] [Render thread/INFO] [net.minecraft.client.renderer.texture.TextureAtlas/]: Created: 512x256x4 minecraft:textures/atlas/beds.png-atlas
[07avr.2026 20:18:27.839] [Render thread/INFO] [net.minecraft.client.renderer.texture.TextureAtlas/]: Created: 512x256x4 minecraft:textures/atlas/shulker_boxes.png-atlas
[07avr.2026 20:18:27.889] [Render thread/INFO] [net.minecraft.client.renderer.texture.TextureAtlas/]: Created: 512x256x0 minecraft:textures/atlas/particles.png-atlas
[07avr.2026 20:18:27.890] [Render thread/INFO] [net.minecraft.client.renderer.texture.TextureAtlas/]: Created: 512x256x0 minecraft:textures/atlas/paintings.png-atlas
[07avr.2026 20:18:27.892] [Render thread/INFO] [net.minecraft.client.renderer.texture.TextureAtlas/]: Created: 256x128x0 minecraft:textures/atlas/mob_effects.png-atlas
[07avr.2026 20:18:27.892] [Render thread/INFO] [net.minecraft.client.renderer.texture.TextureAtlas/]: Created: 64x64x0 minecraft:textures/atlas/map_decorations.png-atlas
[07avr.2026 20:18:27.892] [Render thread/INFO] [net.minecraft.client.renderer.texture.TextureAtlas/]: Created: 1024x512x0 minecraft:textures/atlas/gui.png-atlas
[07avr.2026 20:18:27.907] [Render thread/WARN] [net.minecraft.client.renderer.ShaderInstance/]: Shader rendertype_entity_translucent_emissive could not find sampler named Sampler2 in the specified shader program.
[07avr.2026 20:18:27.976] [Render thread/INFO] [flywheel/backend/shaders/]: Loaded 77 shader sources in 28,217 ms
[07avr.2026 20:18:27.996] [Render thread/INFO] [com.simibubi.create.Create/]: Loaded 58 train hat configurations.
[07avr.2026 20:18:27.997] [Render thread/INFO] [net.neoforged.neoforge.client.entity.animation.json.AnimationLoader/]: Loaded 0 entity animations
[07avr.2026 20:18:32.403] [Render thread/INFO] [com.simibubi.create.Create/]: Created 157 recipes which will be injected into the game
[07avr.2026 20:18:32.407] [Render thread/INFO] [com.simibubi.create.Create/]: Created 0 tags which will be injected into the game
[07avr.2026 20:18:33.099] [Render thread/INFO] [net.minecraft.world.item.crafting.RecipeManager/]: Loaded 2784 recipes
[07avr.2026 20:18:33.280] [Render thread/INFO] [net.minecraft.advancements.AdvancementTree/]: Loaded 2475 advancements
[07avr.2026 20:18:34.141] [Server thread/INFO] [net.minecraft.client.server.IntegratedServer/]: Starting integrated minecraft server version 1.21.1
[07avr.2026 20:18:34.141] [Server thread/INFO] [net.minecraft.server.MinecraftServer/]: Generating keypair
[07avr.2026 20:18:34.363] [Server thread/INFO] [net.minecraft.server.MinecraftServer/]: Preparing start region for dimension minecraft:overworld
[07avr.2026 20:18:34.530] [progressListener/INFO] [net.minecraft.server.level.progress.LoggerChunkProgressListener/]: Preparing spawn area: 0%
[07avr.2026 20:18:34.568] [progressListener/INFO] [net.minecraft.server.level.progress.LoggerChunkProgressListener/]: Time elapsed: 191 ms
[07avr.2026 20:18:34.568] [Server thread/INFO] [net.neoforged.neoforge.server.permission.PermissionAPI/]: Successfully initialized permission handler neoforge:default_handler
[07avr.2026 20:18:34.631] [Server thread/INFO] [net.minecraft.client.server.IntegratedServer/]: Changing view distance to 12, from 10
[07avr.2026 20:18:34.632] [Server thread/INFO] [net.minecraft.client.server.IntegratedServer/]: Changing simulation distance to 12, from 0
[07avr.2026 20:18:34.911] [Render thread/INFO] [com.simibubi.create.Create/]: Created 157 recipes which will be injected into the game
[07avr.2026 20:18:34.912] [Render thread/INFO] [com.simibubi.create.Create/]: Created 0 tags which will be injected into the game
[07avr.2026 20:18:35.130] [Server thread/INFO] [net.minecraft.server.players.PlayerList/]: Dev[local:E:a81a7485] logged in with entity id 1 at (9.5, -60.0, -6.5)
[07avr.2026 20:18:35.156] [Server thread/INFO] [net.minecraft.server.MinecraftServer/]: Dev joined the game
[07avr.2026 20:18:35.486] [Render thread/INFO] [flywheel/]: Started 6 worker threads
[07avr.2026 20:18:35.567] [Render thread/INFO] [net.minecraft.advancements.AdvancementTree/]: Loaded 2 advancements
[07avr.2026 20:18:37.621] [Server thread/INFO] [net.minecraft.client.server.IntegratedServer/]: Saving and pausing game...
[07avr.2026 20:18:37.634] [Server thread/INFO] [net.minecraft.server.MinecraftServer/]: Saving chunks for level 'ServerLevel[New World]'/minecraft:overworld
[07avr.2026 20:18:37.704] [Server thread/INFO] [net.minecraft.server.MinecraftServer/]: Saving chunks for level 'ServerLevel[New World]'/minecraft:the_end
[07avr.2026 20:18:37.704] [Server thread/INFO] [net.minecraft.server.MinecraftServer/]: Saving chunks for level 'ServerLevel[New World]'/minecraft:the_nether
[07avr.2026 20:18:50.332] [Render thread/INFO] [net.minecraft.client.Minecraft/]: Stopping!
[07avr.2026 20:18:50.381] [Server thread/INFO] [net.minecraft.server.network.ServerGamePacketListenerImpl/]: Dev lost connection: Disconnected
[07avr.2026 20:18:50.382] [Server thread/INFO] [net.minecraft.server.MinecraftServer/]: Dev left the game
[07avr.2026 20:18:50.393] [Server thread/INFO] [net.minecraft.server.network.ServerCommonPacketListenerImpl/]: Stopping singleplayer server as player logged out
[07avr.2026 20:18:50.423] [Server thread/INFO] [net.minecraft.server.MinecraftServer/]: Stopping server
[07avr.2026 20:18:50.423] [Server thread/INFO] [net.minecraft.server.MinecraftServer/]: Saving players
[07avr.2026 20:18:50.423] [Server thread/INFO] [net.minecraft.server.MinecraftServer/]: Saving worlds
[07avr.2026 20:18:50.541] [Server thread/INFO] [net.minecraft.server.MinecraftServer/]: Saving chunks for level 'ServerLevel[New World]'/minecraft:overworld
[07avr.2026 20:18:50.555] [Server thread/INFO] [net.minecraft.server.MinecraftServer/]: Saving chunks for level 'ServerLevel[New World]'/minecraft:the_end
[07avr.2026 20:18:50.558] [Server thread/INFO] [net.minecraft.server.MinecraftServer/]: Saving chunks for level 'ServerLevel[New World]'/minecraft:the_nether
[07avr.2026 20:18:50.564] [Server thread/INFO] [net.minecraft.server.MinecraftServer/]: ThreadedAnvilChunkStorage (New World): All chunks are saved
[07avr.2026 20:18:50.564] [Server thread/INFO] [net.minecraft.server.MinecraftServer/]: ThreadedAnvilChunkStorage (DIM1): All chunks are saved
[07avr.2026 20:18:50.565] [Server thread/INFO] [net.minecraft.server.MinecraftServer/]: ThreadedAnvilChunkStorage (DIM-1): All chunks are saved
[07avr.2026 20:18:50.565] [Server thread/INFO] [net.minecraft.server.MinecraftServer/]: ThreadedAnvilChunkStorage: All dimensions are saved
